a =  0.0322580645161
a =  0.0422580645161
a =  0.0522580645161
a =  0.0622580645161
a =  0.0722580645161
a =  0.0822580645161
a =  0.0922580645161
a =  0.102258064516
a =  0.112258064516
a =  0.122258064516
a =  0.132258064516
a =  0.142258064516
a =  0.152258064516
a =  0.162258064516
a =  0.172258064516
a =  0.182258064516
a =  0.192258064516
a =  0.202258064516
a =  0.212258064516
a =  0.222258064516
a =  0.232258064516
a =  0.242258064516
a =  0.252258064516
a =  0.262258064516
a =  0.272258064516
a =  0.282258064516
a =  0.292258064516
a =  0.302258064516
a =  0.312258064516
a =  0.322258064516
a =  0.332258064516
a =  0.342258064516
a =  0.352258064516
a =  0.362258064516
a =  0.372258064516
a =  0.382258064516
a =  0.392258064516
a =  0.402258064516
a =  0.412258064516
a =  0.422258064516
a =  0.432258064516
a =  0.442258064516
a =  0.452258064516
a =  0.462258064516
a =  0.472258064516
a =  0.482258064516
a =  0.492258064516
a =  0.502258064516
a =  0.512258064516
a =  0.522258064516
a =  0.532258064516
a =  0.542258064516
a =  0.552258064516
a =  0.562258064516
a =  0.572258064516
a =  0.582258064516
a =  0.592258064516
a =  0.602258064516
a =  0.612258064516
a =  0.622258064516
a =  0.632258064516
a =  0.642258064516
a =  0.652258064516
a =  0.662258064516
a =  0.672258064516
a =  0.682258064516
a =  0.692258064516
a =  0.702258064516
a =  0.712258064516
a =  0.722258064516
a =  0.732258064516
a =  0.742258064516
a =  0.752258064516
a =  0.762258064516
a =  0.772258064516
a =  0.782258064516
a =  0.792258064516
a =  0.802258064516
a =  0.812258064516
a =  0.822258064516
a =  0.832258064516
a =  0.842258064516
a =  0.852258064516
a =  0.862258064516
a =  0.872258064516
a =  0.882258064516
a =  0.892258064516
a =  0.902258064516
a =  0.912258064516
a =  0.922258064516
a =  0.932258064516
a =  0.942258064516
a =  0.952258064516
a =  0.962258064516
a =  0.972258064516
a =  0.982258064516
a =  0.992258064516
a =  1.00225806452
Traceback (most recent call last):
  File "ic_test.py", line 294, in <module>
    evolve(xini, yini, zini, pxini, pyini, pzini, aini, da)
  File "ic_test.py", line 250, in evolve
    computePk(wzi,an,9999,xp,yp,zp)
NameError: global name 'xp' is not defined
a =  0.0322580645161
a =  0.0422580645161
a =  0.0522580645161
a =  0.0622580645161
a =  0.0722580645161
a =  0.0822580645161
a =  0.0922580645161
a =  0.102258064516
a =  0.112258064516
a =  0.122258064516
a =  0.132258064516
a =  0.142258064516
a =  0.152258064516
a =  0.162258064516
a =  0.172258064516
a =  0.182258064516
a =  0.192258064516
a =  0.202258064516
a =  0.212258064516
a =  0.222258064516
a =  0.232258064516
a =  0.242258064516
a =  0.252258064516
a =  0.262258064516
a =  0.272258064516
a =  0.282258064516
a =  0.292258064516
a =  0.302258064516
a =  0.312258064516
a =  0.322258064516
a =  0.332258064516
a =  0.342258064516
a =  0.352258064516
a =  0.362258064516
a =  0.372258064516
a =  0.382258064516
a =  0.392258064516
a =  0.402258064516
a =  0.412258064516
a =  0.422258064516
a =  0.432258064516
a =  0.442258064516
a =  0.452258064516
a =  0.462258064516
a =  0.472258064516
a =  0.482258064516
a =  0.492258064516
a =  0.502258064516
a =  0.512258064516
a =  0.522258064516
a =  0.532258064516
a =  0.542258064516
a =  0.552258064516
a =  0.562258064516
a =  0.572258064516
a =  0.582258064516
a =  0.592258064516
a =  0.602258064516
a =  0.612258064516
a =  0.622258064516
a =  0.632258064516
a =  0.642258064516
a =  0.652258064516
a =  0.662258064516
a =  0.672258064516
a =  0.682258064516
a =  0.692258064516
a =  0.702258064516
a =  0.712258064516
a =  0.722258064516
a =  0.732258064516
a =  0.742258064516
a =  0.752258064516
a =  0.762258064516
a =  0.772258064516
a =  0.782258064516
a =  0.792258064516
a =  0.802258064516
a =  0.812258064516
a =  0.822258064516
a =  0.832258064516
a =  0.842258064516
a =  0.852258064516
a =  0.862258064516
a =  0.872258064516
a =  0.882258064516
a =  0.892258064516
a =  0.902258064516
a =  0.912258064516
a =  0.922258064516
a =  0.932258064516
a =  0.942258064516
a =  0.952258064516
a =  0.962258064516
a =  0.972258064516
a =  0.982258064516
a =  0.992258064516
a =  1.00225806452
